  TimerPlugin.cpp
C:\Program Files (x86)\Steam\steamapps\common\rocketleague\Binaries\Win64\bakkesmod\bakkesmodsdk\include\bakkesmod\wrappers\linmath.h(56,1): warning C4244: 'initializing': conversion from 'double' to 'float', possible loss of data
C:\Program Files (x86)\Steam\steamapps\common\rocketleague\Binaries\Win64\bakkesmod\bakkesmodsdk\include\bakkesmod\wrappers\linmath.h(57,1): warning C4244: 'initializing': conversion from 'double' to 'float', possible loss of data
C:\Program Files (x86)\Steam\steamapps\common\rocketleague\Binaries\Win64\bakkesmod\bakkesmodsdk\include\bakkesmod\wrappers\linmath.h(58,1): warning C4244: 'initializing': conversion from 'double' to 'float', possible loss of data
C:\Program Files (x86)\Steam\steamapps\common\rocketleague\Binaries\Win64\bakkesmod\bakkesmodsdk\include\bakkesmod\wrappers\linmath.h(341,16): warning C4244: '=': conversion from 'double' to 'float', possible loss of data
C:\Program Files (x86)\Steam\steamapps\common\rocketleague\Binaries\Win64\bakkesmod\bakkesmodsdk\include\bakkesmod\wrappers\linmath.h(372,22): warning C4244: 'initializing': conversion from 'double' to 'float', possible loss of data
C:\Program Files (x86)\Steam\steamapps\common\rocketleague\Binaries\Win64\bakkesmod\bakkesmodsdk\include\bakkesmod\wrappers\linmath.h(372,16): warning C4244: 'initializing': conversion from 'double' to 'const float', possible loss of data
C:\Program Files (x86)\Steam\steamapps\common\rocketleague\Binaries\Win64\bakkesmod\bakkesmodsdk\include\bakkesmod\wrappers\wrapperstructs.h(61,14): warning C4244: 'return': conversion from 'double' to 'float', possible loss of data
C:\Program Files (x86)\Steam\steamapps\common\rocketleague\Binaries\Win64\bakkesmod\bakkesmodsdk\include\bakkesmod\wrappers\wrapperstructs.h(107,15): warning C4244: 'initializing': conversion from 'double' to 'float', possible loss of data
C:\Program Files (x86)\Steam\steamapps\common\rocketleague\Binaries\Win64\bakkesmod\bakkesmodsdk\include\bakkesmod\wrappers\wrapperstructs.h(111,18): warning C4244: 'initializing': conversion from 'double' to 'float', possible loss of data
C:\Program Files (x86)\Steam\steamapps\common\rocketleague\Binaries\Win64\bakkesmod\bakkesmodsdk\include\bakkesmod\wrappers\wrapperstructs.h(112,18): warning C4244: 'initializing': conversion from 'double' to 'float', possible loss of data
C:\Program Files (x86)\Steam\steamapps\common\rocketleague\Binaries\Win64\bakkesmod\bakkesmodsdk\include\bakkesmod\wrappers\wrapperstructs.h(304,46): warning C4244: '=': conversion from 'double' to 'int', possible loss of data
C:\Program Files (x86)\Steam\steamapps\common\rocketleague\Binaries\Win64\bakkesmod\bakkesmodsdk\include\bakkesmod\wrappers\wrapperstructs.h(305,94): warning C4244: '=': conversion from 'double' to 'int', possible loss of data
C:\Program Files (x86)\Steam\steamapps\common\rocketleague\Binaries\Win64\bakkesmod\bakkesmodsdk\include\bakkesmod\wrappers\wrapperstructs.h(316,17): warning C4244: 'initializing': conversion from 'double' to 'float', possible loss of data
C:\Program Files (x86)\Steam\steamapps\common\rocketleague\Binaries\Win64\bakkesmod\bakkesmodsdk\include\bakkesmod\wrappers\wrapperstructs.h(317,20): warning C4244: '=': conversion from 'double' to 'float', possible loss of data
C:\Program Files (x86)\Steam\steamapps\common\rocketleague\Binaries\Win64\bakkesmod\bakkesmodsdk\include\bakkesmod\wrappers\wrapperstructs.h(318,20): warning C4244: '=': conversion from 'double' to 'float', possible loss of data
C:\Program Files (x86)\Steam\steamapps\common\rocketleague\Binaries\Win64\bakkesmod\bakkesmodsdk\include\bakkesmod\wrappers\wrapperstructs.h(319,13): warning C4244: '=': conversion from 'double' to 'float', possible loss of data
C:\Program Files (x86)\Steam\steamapps\common\rocketleague\Binaries\Win64\bakkesmod\bakkesmodsdk\include\bakkesmod\wrappers\cvarwrapper.h(20,2): warning C4251: 'CVarWrapper::pimpl': class 'std::unique_ptr<CVarWrapper::Impl,std::default_delete<CVarWrapper::Impl>>' needs to have dll-interface to be used by clients of class 'CVarWrapper'
C:\Program Files (x86)\Steam\steamapps\common\rocketleague\Binaries\Win64\bakkesmod\bakkesmodsdk\include\bakkesmod\wrappers\cvarwrapper.h(20): message : see declaration of 'std::unique_ptr<CVarWrapper::Impl,std::default_delete<CVarWrapper::Impl>>'
C:\Program Files (x86)\Steam\steamapps\common\rocketleague\Binaries\Win64\bakkesmod\bakkesmodsdk\include\bakkesmod\wrappers\CVarManagerWrapper.h(37,29): warning C4251: 'CVarManagerWrapper::pimpl': class 'std::unique_ptr<CVarManagerWrapper::Impl,std::default_delete<CVarManagerWrapper::Impl>>' needs to have dll-interface to be used by clients of class 'CVarManagerWrapper'
C:\Program Files (x86)\Steam\steamapps\common\rocketleague\Binaries\Win64\bakkesmod\bakkesmodsdk\include\bakkesmod\wrappers\CVarManagerWrapper.h(37): message : see declaration of 'std::unique_ptr<CVarManagerWrapper::Impl,std::default_delete<CVarManagerWrapper::Impl>>'
C:\Program Files (x86)\Steam\steamapps\common\rocketleague\Binaries\Win64\bakkesmod\bakkesmodsdk\include\bakkesmod\plugin\bakkesmodplugin.h(61,51): warning C4251: 'BakkesMod::Plugin::BakkesModPlugin::cvarManager': class 'std::shared_ptr<CVarManagerWrapper>' needs to have dll-interface to be used by clients of class 'BakkesMod::Plugin::BakkesModPlugin'
C:\Program Files (x86)\Steam\steamapps\common\rocketleague\Binaries\Win64\bakkesmod\bakkesmodsdk\include\bakkesmod\plugin\bakkesmodplugin.h(61): message : see declaration of 'std::shared_ptr<CVarManagerWrapper>'
C:\Program Files (x86)\Steam\steamapps\common\rocketleague\Binaries\Win64\bakkesmod\bakkesmodsdk\include\bakkesmod\plugin\bakkesmodplugin.h(62,44): warning C4251: 'BakkesMod::Plugin::BakkesModPlugin::gameWrapper': class 'std::shared_ptr<GameWrapper>' needs to have dll-interface to be used by clients of class 'BakkesMod::Plugin::BakkesModPlugin'
C:\Program Files (x86)\Steam\steamapps\common\rocketleague\Binaries\Win64\bakkesmod\bakkesmodsdk\include\bakkesmod\plugin\bakkesmodplugin.h(62): message : see declaration of 'std::shared_ptr<GameWrapper>'
E:\Bakkes\TimerPlugin\TimerPlugin.cpp(14,141): warning C4244: '=': conversion from 'int' to 'float', possible loss of data
E:\Bakkes\TimerPlugin\TimerPlugin.cpp(96,152): warning C4244: '=': conversion from 'int' to 'float', possible loss of data
E:\Bakkes\TimerPlugin\TimerPlugin.cpp(114,155): warning C4244: '=': conversion from 'int' to 'float', possible loss of data
E:\Bakkes\TimerPlugin\TimerPlugin.cpp(251,25): warning C4309: 'argument': truncation of constant value
E:\Bakkes\TimerPlugin\TimerPlugin.cpp(255,31): warning C4309: 'argument': truncation of constant value
E:\Bakkes\TimerPlugin\TimerPlugin.cpp(255,26): warning C4309: 'argument': truncation of constant value
E:\Bakkes\TimerPlugin\TimerPlugin.cpp(255,21): warning C4309: 'argument': truncation of constant value
E:\Bakkes\TimerPlugin\TimerPlugin.cpp(255,16): warning C4309: 'argument': truncation of constant value
E:\Bakkes\TimerPlugin\TimerPlugin.cpp(257,16): warning C4244: 'initializing': conversion from 'float' to 'int', possible loss of data
E:\Bakkes\TimerPlugin\TimerPlugin.cpp(265,40): warning C4244: '+=': conversion from 'float' to 'int', possible loss of data
E:\Bakkes\TimerPlugin\TimerPlugin.cpp(272,40): warning C4244: '+=': conversion from 'float' to 'int', possible loss of data
E:\Bakkes\TimerPlugin\TimerPlugin.cpp(281,40): warning C4244: '+=': conversion from 'float' to 'int', possible loss of data
E:\Bakkes\TimerPlugin\TimerPlugin.cpp(303,31): warning C4309: 'argument': truncation of constant value
E:\Bakkes\TimerPlugin\TimerPlugin.cpp(303,26): warning C4309: 'argument': truncation of constant value
E:\Bakkes\TimerPlugin\TimerPlugin.cpp(303,21): warning C4309: 'argument': truncation of constant value
E:\Bakkes\TimerPlugin\TimerPlugin.cpp(303,16): warning C4309: 'argument': truncation of constant value
     Creating library E:\Bakkes\TimerPlugin\x64\Release\TimerPlugin.lib and object E:\Bakkes\TimerPlugin\x64\Release\TimerPlugin.exp
  Generating code
  22 of 585 functions ( 3.8%) were compiled, the rest were copied from previous compilation.
    21 functions were new in current compilation
    0 functions had inline decision re-evaluated but remain unchanged
  Finished generating code
  TimerPlugin.vcxproj -> E:\Bakkes\TimerPlugin\x64\Release\TimerPlugin.dll
